<?xml version="1.0" encoding="UTF-8"?>
<!-- Generated by org.testng.reporters.JUnitReportReporter -->
<testsuite name="com.yourcompany.Tests.TextInputTest" tests="6" time="181.737" ignored="0" failures="0" timestamp="12 Dec 2019 18:10:46 GMT" skipped="0" hostname="elizabeths-mbp.lan" errors="0">
  <testcase name="verifyCommentInputTest" time="61.501" classname="com.yourcompany.Tests.TextInputTest"/>
  <testcase name="verifyCommentInputTest" time="9.705" classname="com.yourcompany.Tests.TextInputTest"/>
  <testcase name="verifyCommentInputTest" time="45.376" classname="com.yourcompany.Tests.TextInputTest"/>
  <testcase name="verifyCommentInputTest" time="12.623" classname="com.yourcompany.Tests.TextInputTest"/>
  <testcase name="verifyCommentInputTest" time="21.760" classname="com.yourcompany.Tests.TextInputTest"/>
  <testcase name="verifyCommentInputTest" time="30.772" classname="com.yourcompany.Tests.TextInputTest"/>
</testsuite> <!-- com.yourcompany.Tests.TextInputTest -->
