<?xml version="1.0" encoding="UTF-8"?>
<!-- Generated by org.testng.reporters.JUnitReportReporter -->
<testsuite name="com.yourcompany.Tests.FollowLinkTest" tests="6" time="182.668" ignored="0" failures="0" timestamp="12 Dec 2019 18:10:46 GMT" skipped="0" hostname="elizabeths-mbp.lan" errors="0">
  <testcase name="verifyLinkTest" time="29.832" classname="com.yourcompany.Tests.FollowLinkTest"/>
  <testcase name="verifyLinkTest" time="26.980" classname="com.yourcompany.Tests.FollowLinkTest"/>
  <testcase name="verifyLinkTest" time="59.028" classname="com.yourcompany.Tests.FollowLinkTest"/>
  <testcase name="verifyLinkTest" time="9.940" classname="com.yourcompany.Tests.FollowLinkTest"/>
  <testcase name="verifyLinkTest" time="41.127" classname="com.yourcompany.Tests.FollowLinkTest"/>
  <testcase name="verifyLinkTest" time="15.761" classname="com.yourcompany.Tests.FollowLinkTest"/>
</testsuite> <!-- com.yourcompany.Tests.FollowLinkTest -->
